2018-01-12 11:42:13,973	WARNING	/.pulse/3c80f9ee34706419c6703b2a0000001a-runtime	[Errno 2] No such file or directory: '/.pulse/3c80f9ee34706419c6703b2a0000001a-runtime'
2018-01-12 11:42:14,033	INFO	files scan:[1000], error[1], inactive[829], small[153], wrong-type[3], non-text[9], candidate[4]	/var/lib/yum/yumdb/s/3234d7b974d6d20cb0e585304f5387181ce05ccd-system-gnome-theme-60.0.2-1.el6-noarch
2018-01-12 11:42:14,068	INFO	files scan:[2000], error[1], inactive[1829], small[153], wrong-type[3], non-text[9], candidate[4]	/var/lib/yum/yumdb/g/79a0e0f92e712ad5bfb56c9abb654cb475f75733-gnutls-devel-2.8.5-10.el6_4.2-x86_64
2018-01-12 11:42:14,101	INFO	files scan:[3000], error[1], inactive[2829], small[153], wrong-type[3], non-text[9], candidate[4]	/var/lib/yum/yumdb/n/17024a9ec2f7a2fea7cb7fcbe6d4623a85cda5b9-numad-0.5-9.20130814git.el6-x86_64
2018-01-12 11:42:14,134	INFO	files scan:[4000], error[1], inactive[3829], small[153], wrong-type[3], non-text[9], candidate[4]	/var/lib/yum/yumdb/v/0b2dd3e2493009e5be732ce16941f91588bf0ba9-vsftpd-2.2.2-11.el6_4.1-x86_64
2018-01-12 11:42:14,171	INFO	files scan:[5000], error[1], inactive[4829], small[153], wrong-type[3], non-text[9], candidate[4]	/var/lib/yum/yumdb/b/505024926039420cabd87e79ec9bfc817f4f63a3-brasero-2.28.3-6.el6-x86_64
2018-01-12 11:42:14,204	INFO	files scan:[6000], error[1], inactive[5829], small[153], wrong-type[3], non-text[9], candidate[4]	/var/lib/yum/yumdb/x/49e6752e558938bcba0cc7036c0a8257714fc54d-xvattr-1.3-18.el6-x86_64
2018-01-12 11:42:14,239	INFO	files scan:[7000], error[1], inactive[6829], small[153], wrong-type[3], non-text[9], candidate[4]	/var/lib/yum/yumdb/p/5cbd95969d84ea102b427270b6d4d40c44009077-pulseaudio-module-bluetooth-0.9.21-14.el6_3-x86_64
2018-01-12 11:42:14,270	INFO	files scan:[8000], error[1], inactive[7829], small[153], wrong-type[3], non-text[9], candidate[4]	/var/lib/yum/yumdb/p/e2a4ff2aa8f82a11863528a093d56b7f45352fa7-perl-core-5.10.1-136.el6-x86_64
2018-01-12 11:42:14,301	INFO	files scan:[9000], error[1], inactive[8829], small[153], wrong-type[3], non-text[9], candidate[4]	/var/lib/yum/yumdb/l/fe8395e5f05578cbb42950585d579a1fdd925655-libshout-2.2.2-5.1.el6-x86_64
2018-01-12 11:42:14,331	INFO	files scan:[10000], error[1], inactive[9829], small[153], wrong-type[3], non-text[9], candidate[4]	/var/lib/yum/yumdb/l/03a766a7017e1ac42b3f59d722faf4ff704479b1-libtasn1-2.3-3.el6_2.1-x86_64
2018-01-12 11:42:14,362	INFO	files scan:[11000], error[1], inactive[10829], small[153], wrong-type[3], non-text[9], candidate[4]	/var/lib/yum/yumdb/a/3fa1b39bb519708c9eb8ebbc59ad157912b4c65d-atk-1.30.0-1.el6-x86_64
2018-01-12 11:42:14,394	INFO	files scan:[12000], error[1], inactive[11829], small[153], wrong-type[3], non-text[9], candidate[4]	/var/lib/yum/yumdb/e/e803ff4d6ba58c39757d520041c2d4dd2da3a5c5-eclipse-svnkit-1.3.0-3.el6-x86_64
2018-01-12 11:42:14,581	INFO	files scan:[13000], error[1], inactive[12707], small[269], wrong-type[3], non-text[12], candidate[7]	/var/spool/abrt/ccpp-2015-11-19-11:47:06-3269/NC-2015111911471447904827/etc/rc.d/rc6.d
2018-01-12 11:42:14,633	INFO	files scan:[14000], error[1], inactive[13671], small[304], wrong-type[3], non-text[12], candidate[8]	/opt/eclipse/features/org.eclipse.equinox.p2.rcp.feature_1.2.101.v20150826-1318
2018-01-12 11:42:14,659	INFO	files scan:[15000], error[1], inactive[14665], small[310], wrong-type[3], non-text[12], candidate[8]	/opt/eclipse/plugins/org.eclipse.cdt.debug.application_1.1.0.201602051005/org/eclipse/cdt/internal/debug/application
2018-01-12 11:42:14,699	INFO	files scan:[16000], error[1], inactive[15633], small[342], wrong-type[3], non-text[12], candidate[8]	/opt/eclipse/configuration/org.eclipse.osgi/458/0/.cp/themes/purpleMesh/graphics/contentpage
2018-01-12 11:42:14,955	INFO	files scan:[17000], error[1], inactive[16620], small[355], wrong-type[3], non-text[12], candidate[8]	/opt/glibc-2.14/include/sys
2018-01-22 14:08:28,118	WARNING	c:\hiberfil.sys	[Errno 13] Permission denied: 'c:\\hiberfil.sys'
2018-01-22 14:08:28,142	WARNING	c:\pagefile.sys	[Errno 13] Permission denied: 'c:\\pagefile.sys'
2018-01-22 14:08:28,252	WARNING	c:\360SANDBOX\360SandBox.sav	[Errno 13] Permission denied: 'c:\\360SANDBOX\\360SandBox.sav'
2018-01-22 14:08:28,254	WARNING	c:\360SANDBOX\360SandBox.sav.LOG1	[Errno 13] Permission denied: 'c:\\360SANDBOX\\360SandBox.sav.LOG1'
2018-01-22 14:08:29,084	INFO	Files scaned:[1000], error[4], inactive[985], small[9], wrong-type[0], non-text[1], candidate[0]	c:\new_zx_allin1\TCPlugins\tc_jspage\jspages\jeasyui\themes\gray\images
